2021-02-09 21:51:20	[INFO]:教务处工作通知已更新19条通知，并已发送邮件
2021-02-09 21:52:21	[INFO]:教务处工作通知未更新通知
2021-02-09 21:53:21	[INFO]:教务处工作通知未更新通知
2021-02-09 21:54:22	[INFO]:教务处工作通知未更新通知
2021-02-09 21:55:22	[INFO]:教务处工作通知未更新通知
2021-02-09 21:56:23	[INFO]:教务处工作通知未更新通知
2021-02-09 21:57:23	[INFO]:教务处工作通知未更新通知
2021-02-09 21:58:24	[INFO]:教务处工作通知未更新通知
2021-02-09 21:59:24	[INFO]:教务处工作通知未更新通知
2021-02-09 22:00:25	[INFO]:教务处工作通知未更新通知
2021-02-09 22:01:25	[INFO]:教务处工作通知未更新通知
2021-02-09 22:02:26	[INFO]:教务处工作通知未更新通知
2021-02-09 22:03:18	[INFO]:山东大学（威海）教务处工作通知监控系统已启动
2021-02-09 22:03:19	[INFO]:教务处工作通知未更新通知
2021-02-09 22:04:40	[INFO]:山东大学（威海）教务处工作通知监控系统已启动
2021-02-09 22:04:40	[INFO]:教务处工作通知未更新通知
2021-02-09 22:07:20	[INFO]:山东大学（威海）教务处工作通知监控系统已启动
2021-02-09 22:07:23	[INFO]:推送通知“关于一流课程申报及智慧树课程平台使用的培训通知”成功
2021-02-09 22:07:24	[INFO]:推送通知“关于校区开展2021年度微专业立项申报工作的通知”成功
2021-02-09 22:07:25	[INFO]:推送通知“山东大学（威海）双创教育课程及信息社会类通识教育核心课程建设的通知”成功
2021-02-09 22:07:25	[INFO]:教务处工作通知已更新3条通知，并已发送邮件
2021-02-09 22:08:25	[INFO]:教务处工作通知未更新通知
2021-03-12 16:39:45	[INFO]:山东大学（威海）教务处工作通知监控系统已启动
2021-03-12 16:39:46	[error]:(535, b'Login Fail. Please enter your authorization code to login. More information in http://service.mail.qq.com/cgi-bin/help?subtype=1&&id=28&&no=1001256')
2021-03-12 16:39:46	[INFO]:教务处工作通知已更新2条通知，并已发送邮件
2021-03-12 16:41:11	[INFO]:山东大学（威海）教务处工作通知监控系统已启动
2021-03-12 16:41:12	[error]:(535, b'Login Fail. Please enter your authorization code to login. More information in http://service.mail.qq.com/cgi-bin/help?subtype=1&&id=28&&no=1001256')
2021-03-12 16:41:12	[INFO]:教务处工作通知已更新2条通知，并已发送邮件
2021-03-12 16:53:24	[INFO]:山东大学（威海）教务处工作通知监控系统已启动
2021-03-12 16:53:26	[INFO]:推送通知“选课退补选阶段通知（2020-2021学年第二学期）”成功
2021-03-12 16:53:26	[INFO]:推送通知“关于2020年度本科教学管理先进单位和先进个人评选结果的公示”成功
2021-03-12 16:53:26	[INFO]:教务处工作通知已更新2条通知，并已发送邮件
2021-03-12 17:53:26	[INFO]:񴦹֪ͨδ֪ͨ
2021-03-12 18:53:27	[INFO]:񴦹֪ͨδ֪ͨ
2021-03-12 19:53:27	[INFO]:񴦹֪ͨδ֪ͨ
2021-03-12 20:41:59	[INFO]:山东大学（威海）教务处工作通知监控系统已启动
2021-03-12 20:42:01	[INFO]:推送通知“选课退补选阶段通知（2020-2021学年第二学期）”成功
2021-03-12 20:42:02	[INFO]:推送通知“关于2020年度本科教学管理先进单位和先进个人评选结果的公示”成功
2021-03-12 20:42:02	[INFO]:教务处工作通知已更新2条通知，并已发送邮件
2021-07-17 11:35:51	[INFO]:山东大学（威海）教务处工作通知监控系统已启动
2021-07-17 11:35:51	[INFO]:初始化系统
2021-07-17 11:37:56	[INFO]:山东大学（威海）教务处工作通知监控系统已启动
2021-07-17 11:37:56	[INFO]:初始化系统
2021-07-17 11:41:50	[INFO]:山东大学（威海）教务处工作通知监控系统已启动
2021-07-17 11:41:50	[INFO]:初始化系统
2021-07-17 11:42:33	[INFO]:山东大学（威海）教务处工作通知监控系统已启动
2021-07-17 11:42:34	[INFO]:初始化系统
2021-07-17 12:04:04	[INFO]:山东大学（威海）教务处工作通知监控系统已启动
2021-07-17 12:04:06	[INFO]:推送通知“山”成功
2021-07-17 12:04:06	[INFO]:推送通知“东”成功
2021-07-17 12:04:07	[INFO]:推送通知“大”成功
2021-07-17 12:04:08	[INFO]:推送通知“学”成功
2021-07-17 12:04:09	[INFO]:推送通知“（”成功
2021-07-17 12:04:09	[INFO]:推送通知“威”成功
2021-07-17 12:04:10	[INFO]:推送通知“海”成功
2021-07-17 12:04:11	[INFO]:推送通知“）”成功
2021-07-17 12:04:11	[INFO]:推送通知“教”成功
2021-07-17 12:04:12	[INFO]:推送通知“务”成功
2021-07-17 12:04:13	[error]:(550, b'Mail content denied. http://service.mail.qq.com/cgi-bin/help?subtype=1&&id=20022&&no=1000726 [MGaDZX8uYDV9eGpqm5Gp+GuTVZxPWmElfVzr7ZE5zEoSJdWCYg+qVCjCP0mURnT9QA== IP: 42.193.122.17]')
2021-07-17 12:04:13	[INFO]:初始化系统
2021-07-17 12:14:22	[INFO]:山东大学（威海）教务处工作通知监控系统已启动
2021-07-17 12:14:23	[error]:(550, b'Mail content denied. http://service.mail.qq.com/cgi-bin/help?subtype=1&&id=20022&&no=1000726 [MGaDZX8uYDV9eGpqm5Gp+GtvjaKMifmxPqyKbjTRgZ3z1rKu0XlWeBy3odpCMoG+iA== IP: 42.193.122.17]')
2021-07-17 12:14:23	[INFO]:初始化系统
2021-07-17 12:20:08	[INFO]:山东大学（威海）教务处工作通知监控系统已启动
2021-07-17 12:20:09	[INFO]:初始化系统
2021-07-17 12:50:10	[INFO]:教务处工作通知未更新通知
2021-07-17 13:20:10	[INFO]:教务处工作通知未更新通知
2021-07-17 13:50:11	[INFO]:教务处工作通知未更新通知
2021-07-17 14:20:11	[INFO]:教务处工作通知未更新通知
2021-07-17 14:50:12	[INFO]:教务处工作通知未更新通知
2021-07-17 15:20:12	[INFO]:教务处工作通知未更新通知
2021-07-17 15:50:15	[INFO]:教务处工作通知未更新通知
2021-07-17 16:20:16	[INFO]:教务处工作通知未更新通知
2021-07-17 16:50:16	[INFO]:教务处工作通知未更新通知
2021-07-17 17:20:17	[INFO]:教务处工作通知未更新通知
2021-07-17 17:50:17	[INFO]:教务处工作通知未更新通知
2021-07-17 18:20:17	[INFO]:教务处工作通知未更新通知
2021-07-17 18:50:18	[INFO]:教务处工作通知未更新通知
2021-07-17 19:20:18	[INFO]:教务处工作通知未更新通知
2021-07-17 19:50:19	[INFO]:教务处工作通知未更新通知
2021-07-17 20:20:19	[INFO]:教务处工作通知未更新通知
2021-07-17 20:50:19	[INFO]:教务处工作通知未更新通知
2021-07-17 21:20:20	[INFO]:教务处工作通知未更新通知
2021-07-17 21:50:20	[INFO]:教务处工作通知未更新通知
2021-07-17 22:20:20	[INFO]:教务处工作通知未更新通知
2021-07-17 22:50:21	[INFO]:教务处工作通知未更新通知
2021-07-17 23:20:21	[INFO]:教务处工作通知未更新通知
2021-07-17 23:50:22	[INFO]:教务处工作通知未更新通知
2021-07-18 00:20:22	[INFO]:教务处工作通知未更新通知
2021-07-18 00:50:23	[INFO]:教务处工作通知未更新通知
2021-07-18 01:20:23	[INFO]:教务处工作通知未更新通知
2021-07-18 01:50:24	[INFO]:教务处工作通知未更新通知
2021-08-15 16:49:22	[INFO]:山东大学（威海）教务处工作通知监控系统已启动
2021-08-15 16:49:24	[INFO]:初始化系统
2021-08-15 17:19:24	[INFO]:教务处工作通知未更新通知
2021-08-15 17:49:25	[INFO]:教务处工作通知未更新通知
2021-08-15 18:19:25	[INFO]:教务处工作通知未更新通知
2021-08-15 18:49:26	[INFO]:教务处工作通知未更新通知
